<?xml version="1.0" encoding="UTF-8"?>
<!-- Generated by org.testng.reporters.JUnitXMLReporter -->
<testsuite ignored="0" hostname="DESKTOP-205DMUP" failures="0" tests="6" name="Default test" time="50.054" errors="0" timestamp="2025-05-13T16:05:04 IST">
  <testcase classname="Browser_Init.Placing_order" name="goTo" time="3.938"/>
  <testcase classname="Browser_Init.Placing_order" name="login" time="0.65"/>
  <testcase classname="Browser_Init.Placing_order" name="productList" time="3.344"/>
  <testcase classname="Browser_Init.Placing_order" name="cartPage" time="17.929"/>
  <testcase classname="Browser_Init.Placing_order" name="paymentPage" time="7.246"/>
  <testcase classname="Browser_Init.Placing_order" name="orderpageValidation" time="3.803"/>
</testsuite> <!-- Default test -->
