<?xml version="1.0" encoding="UTF-8"?>
<!-- Generated by org.testng.reporters.JUnitXMLReporter -->
<testsuite ignored="0" hostname="DESKTOP-205DMUP" failures="0" tests="6" name="Test" time="19.313" errors="0" timestamp="2025-05-13T17:01:01 IST">
  <testcase classname="Browser_Init.Placing_order" name="goTo" time="2.077"/>
  <testcase classname="Browser_Init.Placing_order" name="login" time="0.319"/>
  <testcase classname="Browser_Init.Placing_order" name="productList" time="3.165"/>
  <testcase classname="Browser_Init.Placing_order" name="cartPage" time="4.335"/>
  <testcase classname="Browser_Init.Placing_order" name="paymentPage" time="7.24"/>
  <testcase classname="Browser_Init.Placing_order" name="orderpageValidation" time="0.667"/>
</testsuite> <!-- Test -->
