<?xml version="1.0" encoding="UTF-8"?>
<!-- Generated by org.testng.reporters.JUnitXMLReporter -->
<testsuite ignored="0" hostname="DESKTOP-205DMUP" failures="0" tests="6" name="Test" time="22.216" errors="0" timestamp="2025-05-13T17:49:50 IST">
  <testcase classname="Browser_Init.Placing_order" name="goTo" time="2.342"/>
  <testcase classname="Browser_Init.Placing_order" name="login" time="0.253"/>
  <testcase classname="Browser_Init.Placing_order" name="productList" time="3.131"/>
  <testcase classname="Browser_Init.Placing_order" name="cartPage" time="4.82"/>
  <testcase classname="Browser_Init.Placing_order" name="paymentPage" time="7.23"/>
  <testcase classname="Browser_Init.Placing_order" name="orderpageValidation" time="2.199"/>
</testsuite> <!-- Test -->
