<?xml version="1.0" encoding="UTF-8"?>
<testsuite xmlns:xsi="http://www.w3.org/2001/XMLSchema-instance" xsi:noNamespaceSchemaLocation="https://maven.apache.org/surefire/maven-surefire-plugin/xsd/surefire-test-report-3.0.xsd" version="3.0" name="TestSuite" time="22.629" tests="6" errors="0" skipped="0" failures="0">
  <properties>
[...]
</properties>
  <testcase name="goTo" classname="Browser_Init.Placing_order" time="2.327">
    <system-out><![CDATA[Opening Application
]]></system-out>
    <system-err><![CDATA[SLF4J: Failed to load class "org.slf4j.impl.StaticLoggerBinder".
SLF4J: Defaulting to no-operation (NOP) logger implementation
SLF4J: See http://www.slf4j.org/codes.html#StaticLoggerBinder for further details.
May 13, 2025 5:49:30 PM org.openqa.selenium.devtools.CdpVersionFinder findNearestMatch
WARNING: Unable to find an exact match for CDP version 136, returning the closest version; found: 133; Please update to a Selenium version that supports CDP version 136
]]></system-err>
  </testcase>
  <testcase name="login" classname="Browser_Init.Placing_order" time="0.258">
    <system-out><![CDATA[------------------Login Successfully----------------------
]]></system-out>
  </testcase>
  <testcase name="productList" classname="Browser_Init.Placing_order" time="3.128"/>
  <testcase name="cartPage" classname="Browser_Init.Placing_order" time="4.821"/>
  <testcase name="paymentPage" classname="Browser_Init.Placing_order" time="7.23">
    <system-out><![CDATA[India
]]></system-out>
  </testcase>
  <testcase name="orderpageValidation" classname="Browser_Init.Placing_order" time="2.2">
    <system-out><![CDATA[THANKYOU FOR THE ORDER.
]]></system-out>
  </testcase>
</testsuite>