<?xml version="1.0" encoding="UTF-8"?>
<testng-results ignored="0" total="6" passed="6" failed="0" skipped="0">
  <reporter-output>
  </reporter-output>
  <suite started-at="2025-05-13T17:00:41 IST" name="Suite" finished-at="2025-05-13T17:01:01 IST" duration-ms="19313">
    <groups>
    </groups>
    <test started-at="2025-05-13T17:00:41 IST" name="Test" finished-at="2025-05-13T17:01:01 IST" duration-ms="19313">
      <class name="Browser_Init.Placing_order">
        <test-method is-config="true" signature="browserInitialize()[pri:0, instance:Browser_Init.Placing_order@ba2f4ec]" started-at="2025-05-13T17:00:42 IST" name="browserInitialize" finished-at="2025-05-13T17:00:43 IST" duration-ms="1467" status="PASS">
          <reporter-output>
          </reporter-output>
        </test-method> <!-- browserInitialize -->
        <test-method signature="goTo()[pri:1, instance:Browser_Init.Placing_order@ba2f4ec]" started-at="2025-05-13T17:00:43 IST" name="goTo" finished-at="2025-05-13T17:00:45 IST" duration-ms="2077" status="PASS">
          <reporter-output>
          </reporter-output>
        </test-method> <!-- goTo -->
        <test-method signature="login()[pri:2, instance:Browser_Init.Placing_order@ba2f4ec]" started-at="2025-05-13T17:00:45 IST" name="login" finished-at="2025-05-13T17:00:45 IST" duration-ms="319" status="PASS">
          <reporter-output>
          </reporter-output>
        </test-method> <!-- login -->
        <test-method signature="productList()[pri:3, instance:Browser_Init.Placing_order@ba2f4ec]" started-at="2025-05-13T17:00:45 IST" name="productList" finished-at="2025-05-13T17:00:49 IST" duration-ms="3165" status="PASS">
          <reporter-output>
          </reporter-output>
        </test-method> <!-- productList -->
        <test-method signature="cartPage()[pri:4, instance:Browser_Init.Placing_order@ba2f4ec]" started-at="2025-05-13T17:00:49 IST" name="cartPage" finished-at="2025-05-13T17:00:53 IST" duration-ms="4335" status="PASS">
          <reporter-output>
          </reporter-output>
        </test-method> <!-- cartPage -->
        <test-method signature="paymentPage()[pri:5, instance:Browser_Init.Placing_order@ba2f4ec]" started-at="2025-05-13T17:00:53 IST" name="paymentPage" finished-at="2025-05-13T17:01:00 IST" duration-ms="7240" status="PASS">
          <reporter-output>
          </reporter-output>
        </test-method> <!-- paymentPage -->
        <test-method signature="orderpageValidation()[pri:6, instance:Browser_Init.Placing_order@ba2f4ec]" started-at="2025-05-13T17:01:00 IST" name="orderpageValidation" finished-at="2025-05-13T17:01:01 IST" duration-ms="667" status="PASS">
          <reporter-output>
          </reporter-output>
        </test-method> <!-- orderpageValidation -->
      </class> <!-- Browser_Init.Placing_order -->
    </test> <!-- Test -->
  </suite> <!-- Suite -->
</testng-results>
